Drill Listing
=============
Drill: .01575  Tool: 1  Feed: 95  Speed: 300
X 462598  Y 204330
X 584645  Y 201968
X 595669  Y 138582
X 616929  Y 138582
X 711023  Y 153149
X 750787  Y 214566
X 754724  Y 201968
X 754724  Y 153149
X 694881  Y 236614
X 647244  Y 251968
X 637007  Y 250393
X 616929  Y 226771
X 605905  Y 231496
X 577559  Y 252755
X 538976  Y 251574
X 527559  Y 261023
X 515748  Y 251574
X 515748  Y 255905
X 464173  Y 256299
X 457480  Y 243307
X 388582  Y 243307
X 380708  Y 247244
X 372440  Y 243307
X 367322  Y 239763
X 362598  Y 247244
X 352362  Y 236220
X 348425  Y 243700
X 342125  Y 247244
X 292913  Y 255511
X 153543  Y 255118
X 134251  Y 245275
X 118503  Y 259842
X 115748  Y 245275
X 121653  Y 266141
X 135039  Y 307874
X 144881  Y 266141
X 157480  Y 313779
X 288582  Y 310629
X 298818  Y 267716
X 303543  Y 313385
X 320866  Y 313385
X 361811  Y 268897
X 373228  Y 268897
X 374409  Y 307480
X 381889  Y 312992
X 535433  Y 311811
X 540944  Y 299606
X 546062  Y 312992
X 552755  Y 313385
X 562204  Y 273622
X 568503  Y 278740
X 580314  Y 307874
X 601968  Y 292913
X 617322  Y 272047
X 630708  Y 274803
X 642519  Y 292913
X 533070  Y 315748
X 529133  Y 319685
X 524015  Y 319685
X 518503  Y 341338
X 508661  Y 319685
X 507480  Y 333858
X 453149  Y 350000
X 440944  Y 341338
X 440551  Y 346456
X 433858  Y 359842
X 427952  Y 364566
X 419291  Y 351574
X 417322  Y 359842
X 403937  Y 340157
X 395669  Y 336614
X 395669  Y 349606
X 384645  Y 354724
X 375196  Y 324015
X 359448  Y 318110
X 354330  Y 321653
X 348818  Y 347244
X 336614  Y 321259
X 329921  Y 347244
X 325984  Y 321259
X 321259  Y 318503
X 312992  Y 327952
X 308661  Y 316929
X 303543  Y 320866
X 296456  Y 324015
X 288582  Y 320866
X 275590  Y 320866
X 266929  Y 320866
X 256299  Y 346062
X 255511  Y 358661
X 213385  Y 348031
X 150000  Y 318897
X 135433  Y 346456
X 129921  Y 318897
X 123228  Y 346456
X 135433  Y 382283
X 141338  Y 414173
X 141732  Y 368110
X 153543  Y 365748
X 164173  Y 370078
X 168503  Y 375590
X 189763  Y 375590
X 197637  Y 410629
X 197637  Y 404330
X 200787  Y 407086
X 246456  Y 387401
X 274409  Y 406692
X 277165  Y 403937
X 295669  Y 409055
X 296062  Y 403149
X 298031  Y 390157
X 311811  Y 409055
X 313779  Y 390157
X 317716  Y 403149
X 321259  Y 408267
X 324803  Y 381102
X 327952  Y 389763
X 330708  Y 391732
X 330708  Y 412204
X 333858  Y 402362
X 337401  Y 408267
X 338188  Y 405118
X 344881  Y 402755
X 348818  Y 384251
X 363385  Y 402755
X 367322  Y 390551
X 373622  Y 388188
X 375984  Y 385039
X 394881  Y 370078
X 398031  Y 402362
X 404724  Y 411023
X 407874  Y 395669
X 416535  Y 370078
X 452362  Y 395275
X 474015  Y 413779
X 481496  Y 394094
X 496456  Y 411023
X 501574  Y 414173
X 530708  Y 391338
X 534251  Y 411023
X 534645  Y 397244
X 537007  Y 407874
X 540551  Y 400393
X 540944  Y 407874
X 542519  Y 403543
X 524803  Y 419685
X 523228  Y 437007
X 511023  Y 433858
X 499212  Y 431496
X 497637  Y 419685
X 486614  Y 439763
X 464173  Y 419685
X 442125  Y 419685
X 432677  Y 437007
X 414566  Y 424015
X 412204  Y 429921
X 407874  Y 419291
X 405905  Y 430314
X 397637  Y 440157
X 394094  Y 437795
X 392125  Y 433858
X 388188  Y 430314
X 385433  Y 433070
X 371259  Y 416929
X 362992  Y 419685
X 349606  Y 421653
X 338582  Y 424015
X 337401  Y 440157
X 335826  Y 429527
X 292125  Y 416535
X 289370  Y 435433
X 289370  Y 431496
X 277559  Y 429527
X 277559  Y 437401
X 272047  Y 428346
X 260236  Y 428346
X 249212  Y 417322
X 138976  Y 453937
X 153937  Y 444881
X 159055  Y 444881
X 246456  Y 462992
X 249212  Y 456299
X 252362  Y 452362
X 255118  Y 461023
X 277559  Y 448031
X 289370  Y 449606
X 292519  Y 462992
X 297244  Y 462992
X 301968  Y 463779
X 305511  Y 463779
X 305905  Y 443307
X 319291  Y 451968
X 324409  Y 443700
X 337401  Y 449606
X 338582  Y 445275
X 351181  Y 444881
X 365354  Y 444881
X 385039  Y 452755
X 388582  Y 443700
X 402362  Y 446850
X 452362  Y 459842
X 456299  Y 453937
X 459448  Y 450000
X 470078  Y 448425
X 485039  Y 460236
X 489763  Y 444488
X 502362  Y 452755
X 509055  Y 462598
X 509448  Y 448425
X 527165  Y 444488
X 611023  Y 446062
X 622834  Y 446062
X 497244  Y 475196
X 485826  Y 475196
X 474409  Y 480708
X 461811  Y 475196
X 333858  Y 471653

Drill: .02362  Tool: 2  Feed: 197  Speed: 550
X 123622  Y 203543
X 139763  Y 174803
X 150000  Y 194094
X 160236  Y 206692
X 178740  Y 209448
X 190551  Y 207874
X 258661  Y 177165
X 260629  Y 200787
X 267716  Y 194094
X 320078  Y 193700
X 352362  Y 203543
X 369685  Y 176771
X 377559  Y 196456
X 400000  Y 208267
X 409055  Y 213779
X 418503  Y 192519
X 450787  Y 199212
X 480708  Y 174803
X 481889  Y 199212
X 489370  Y 195669
X 501574  Y 208661
X 700787  Y 206299
X 709055  Y 130314
X 723622  Y 206299
X 747244  Y 136220
X 762598  Y 235039
X 759842  Y 252755
X 741732  Y 226771
X 716929  Y 226771
X 708267  Y 222047
X 670866  Y 225984
X 664960  Y 257086
X 647244  Y 230708
X 642125  Y 225984
X 627165  Y 257086
X 626771  Y 225984
X 604724  Y 257086
X 594881  Y 234251
X 592913  Y 250393
X 588582  Y 243700
X 538976  Y 243700
X 523228  Y 227952
X 521259  Y 245669
X 519291  Y 218503
X 503543  Y 245669
X 493700  Y 239763
X 485826  Y 238188
X 474015  Y 241732
X 459055  Y 253543
X 412204  Y 244488
X 412204  Y 229133
X 400787  Y 249212
X 400393  Y 237795
X 376377  Y 259842
X 373622  Y 237795
X 316141  Y 259842
X 312992  Y 246456
X 302755  Y 236614
X 301968  Y 219291
X 282677  Y 222834
X 282677  Y 251181
X 275196  Y 246062
X 259448  Y 259448
X 246456  Y 226377
X 239763  Y 252755
X 174803  Y 254724
X 171259  Y 221653
X 161417  Y 259448
X 148425  Y 240157
X 129921  Y 240157
X 147637  Y 340551
X 158661  Y 331496
X 261811  Y 277559
X 389370  Y 331102
X 431496  Y 333464
X 483070  Y 277559
X 521259  Y 327165
X 548818  Y 331102
X 558661  Y 295669
X 563779  Y 336220
X 577559  Y 287795
X 586614  Y 278740
X 598031  Y 324015
X 619685  Y 278740
X 636614  Y 323622
X 652755  Y 331102
X 659055  Y 278740
X 666141  Y 317716
X 669685  Y 296062
X 670078  Y 322440
X 678740  Y 336220
X 688188  Y 268110
X 708267  Y 329921
X 716929  Y 314960
X 724409  Y 364173
X 687401  Y 364173
X 670866  Y 358661
X 640944  Y 370078
X 636614  Y 364173
X 598031  Y 374803
X 592125  Y 370078
X 586220  Y 364173
X 574015  Y 370078
X 568897  Y 364173
X 548818  Y 348818
X 548818  Y 380314
X 531102  Y 348818
X 521653  Y 380314
X 501574  Y 348818
X 490944  Y 374803
X 481102  Y 364173
X 460236  Y 353149
X 457086  Y 370078
X 361417  Y 374803
X 361417  Y 352362
X 361417  Y 344094
X 355905  Y 342125
X 355905  Y 379921
X 342913  Y 352362
X 342913  Y 377952
X 301968  Y 377952
X 268503  Y 342125
X 268110  Y 383464
X 261417  Y 377952
X 248425  Y 383464
X 236614  Y 351181
X 229133  Y 364173
X 229133  Y 383464
X 221653  Y 366535
X 192913  Y 383464
X 177559  Y 370078
X 145669  Y 376771
X 129527  Y 376771
X 123228  Y 353543
X 114566  Y 340944
X 108661  Y 377165
X 159842  Y 401968
X 164173  Y 401968
X 164960  Y 393307
X 182283  Y 393307
X 214173  Y 393307
X 235039  Y 425984
X 241732  Y 426377
X 349212  Y 397244
X 533070  Y 428740
X 558267  Y 428740
X 592913  Y 427559
X 596850  Y 418110
X 608267  Y 398818
X 619685  Y 403937
X 622440  Y 427952
X 629921  Y 424409
X 637401  Y 403937
X 638188  Y 423622
X 649212  Y 439763
X 753543  Y 439370
X 792125  Y 436614
X 762992  Y 485039
X 744488  Y 460236
X 649212  Y 485039
X 563779  Y 470078
X 558267  Y 475590
X 479921  Y 442519
X 432677  Y 463779
X 432283  Y 475196
X 425196  Y 486614
X 425196  Y 442519
X 397637  Y 458661
X 386614  Y 463779
X 371259  Y 447637
X 362598  Y 468503
X 340157  Y 485826
X 332283  Y 485826
X 308267  Y 485826
X 268897  Y 468503
X 260236  Y 485826
X 241732  Y 486220
X 214173  Y 468503
X 200787  Y 485826
X 191338  Y 468503
X 164566  Y 485826
X 144488  Y 468503

Drill: .0315  Tool: 3  Feed: 197  Speed: 550
X 690551  Y 290944
X 690551  Y 322440
X 700551  Y 290944
X 700551  Y 322440

Drill: .03543  Tool: 4  Feed: 197  Speed: 550
X 117716  Y 140708
X 117716  Y 180708
X 233858  Y 140708
X 233858  Y 180708
X 348031  Y 180708
X 348031  Y 140708
X 458267  Y 180708
X 458267  Y 140708

Drill: .0374  Tool: 5  Feed: 197  Speed: 550
X 170866  Y 138976
X 170866  Y 188976
X 184645  Y 138976
X 184645  Y 188976
X 290944  Y 137992
X 290944  Y 187992
X 304724  Y 137992
X 304724  Y 187992
X 399212  Y 137992
X 399212  Y 187992
X 412992  Y 137992
X 412992  Y 187992
X 511417  Y 137992
X 511417  Y 187992
X 525196  Y 187992
X 525196  Y 137992
X 562204  Y 189173
X 562204  Y 139173
X 576377  Y 167125
X 576377  Y 117125
X 125590  Y 387401
X 125590  Y 397401
X 125590  Y 407401
X 115590  Y 397401
X 115590  Y 387401
X 115590  Y 407401
X 115590  Y 417401
X 115590  Y 427401
X 115590  Y 437401
X 115590  Y 447401
X 125590  Y 437401
X 125590  Y 427401
X 125590  Y 447401
X 125590  Y 417401

Drill: .03937  Tool: 6  Feed: 197  Speed: 550
X 633464  Y 156692
X 633464  Y 176377
X 633464  Y 196062
X 633464  Y 215748
X 692519  Y 156692
X 692519  Y 196062
X 692519  Y 176377
X 692519  Y 215748
X 466141  Y 265354
X 466141  Y 285039
X 466141  Y 304724
X 407086  Y 265354
X 407086  Y 304724
X 407086  Y 285039
X 243307  Y 285826
X 243307  Y 305511
X 243307  Y 266141
X 184251  Y 266141
X 184251  Y 305511
X 184251  Y 285826
X 184251  Y 325196
X 243307  Y 325196
X 407086  Y 324409
X 466141  Y 324409
X 651968  Y 395275
X 671653  Y 395275
X 691338  Y 395275
X 711023  Y 395275
X 711023  Y 454330
X 691338  Y 454330
X 671653  Y 454330
X 651968  Y 454330

Drill: .04724  Tool: 7  Feed: 139  Speed: 550
X 145275  Y 115748
X 159055  Y 115748
X 172834  Y 115748
X 255511  Y 115748
X 269291  Y 115748
X 283070  Y 115748
X 361811  Y 115748
X 375590  Y 115748
X 389370  Y 115748
X 468110  Y 115748
X 481889  Y 115748
X 495669  Y 115748
X 592125  Y 115748
X 619685  Y 115748
X 694488  Y 115748
X 708267  Y 115748
X 777165  Y 233858
X 777165  Y 247637
X 777165  Y 261417
X 777165  Y 288976
X 777165  Y 275196
X 777165  Y 302755
X 777165  Y 330314
X 777165  Y 316535
X 777165  Y 353937
X 777165  Y 381496
X 777165  Y 367716
X 777165  Y 395275
X 777165  Y 409055
X 777165  Y 436614
X 777165  Y 422834
X 777165  Y 450393
X 414173  Y 478346
X 400393  Y 478346
X 386614  Y 478346
X 372834  Y 478346
X 359055  Y 478346

Drill: .05  Tool: 8  Feed: 107  Speed: 550
X 740551  Y 290944
X 740551  Y 322440
X 760551  Y 290944
X 760551  Y 322440

Drill: .1378  Tool: 9  Feed: 35  Speed: 794
X 116298  Y 116298
X 336376  Y 115904
X 793463  Y 116298
X 793463  Y 478502
X 116298  Y 478502

End of Listing
